-------------------------------------------------------------------------------
Test set: com.example.board.controller.UserControllerTest
-------------------------------------------------------------------------------
Tests run: 8, Failures: 1, Errors: 0, Skipped: 0, Time elapsed: 1.002 s <<< FAILURE! - in com.example.board.controller.UserControllerTest
deleteFailTest_dueToInvalidToken  Time elapsed: 0.015 s  <<< FAILURE!
java.lang.AssertionError: Status expected:<401> but was:<200>
	at com.example.board.controller.UserControllerTest.deleteFailTest_dueToInvalidToken(UserControllerTest.java:221)

