-------------------------------------------------------------------------------
Test set: com.example.board.controller.UserControllerTest
-------------------------------------------------------------------------------
Tests run: 8, Failures: 0, Errors: 4, Skipped: 0, Time elapsed: 1.06 s <<< FAILURE! - in com.example.board.controller.UserControllerTest
updateTest  Time elapsed: 0.023 s  <<< ERROR!
org.springframework.web.util.NestedServletException: Request processing failed; nested exception is java.lang.NullPointerException: Cannot invoke "com.example.board.common.dto.JwtUserInfo.getEmail()" because "userInfo" is null
	at com.example.board.controller.UserControllerTest.updateTest(UserControllerTest.java:171)
Caused by: java.lang.NullPointerException: Cannot invoke "com.example.board.common.dto.JwtUserInfo.getEmail()" because "userInfo" is null
	at com.example.board.controller.UserControllerTest.updateTest(UserControllerTest.java:171)

deleteFailTest_dueToInvalidToken  Time elapsed: 0.007 s  <<< ERROR!
org.springframework.web.util.NestedServletException: Request processing failed; nested exception is java.lang.NullPointerException: Cannot invoke "com.example.board.common.dto.JwtUserInfo.getId()" because "userInfo" is null
	at com.example.board.controller.UserControllerTest.deleteFailTest_dueToInvalidToken(UserControllerTest.java:232)
Caused by: java.lang.NullPointerException: Cannot invoke "com.example.board.common.dto.JwtUserInfo.getId()" because "userInfo" is null
	at com.example.board.controller.UserControllerTest.deleteFailTest_dueToInvalidToken(UserControllerTest.java:232)

updateFailTest_dueToInvalidToken  Time elapsed: 0.006 s  <<< ERROR!
org.springframework.web.util.NestedServletException: Request processing failed; nested exception is java.lang.NullPointerException: Cannot invoke "com.example.board.common.dto.JwtUserInfo.getEmail()" because "userInfo" is null
	at com.example.board.controller.UserControllerTest.updateFailTest_dueToInvalidToken(UserControllerTest.java:253)
Caused by: java.lang.NullPointerException: Cannot invoke "com.example.board.common.dto.JwtUserInfo.getEmail()" because "userInfo" is null
	at com.example.board.controller.UserControllerTest.updateFailTest_dueToInvalidToken(UserControllerTest.java:253)

deleteTest  Time elapsed: 0.006 s  <<< ERROR!
org.springframework.web.util.NestedServletException: Request processing failed; nested exception is java.lang.NullPointerException: Cannot invoke "com.example.board.common.dto.JwtUserInfo.getId()" because "userInfo" is null
	at com.example.board.controller.UserControllerTest.deleteTest(UserControllerTest.java:128)
Caused by: java.lang.NullPointerException: Cannot invoke "com.example.board.common.dto.JwtUserInfo.getId()" because "userInfo" is null
	at com.example.board.controller.UserControllerTest.deleteTest(UserControllerTest.java:128)

